<?xml version="1.0" encoding="UTF-8"?>
<testsuites name="jest tests" tests="1" failures="1" errors="0" time="1.369">
  <testsuite name="HelloWorld.vue" errors="0" failures="1" skipped="0" timestamp="2024-08-06T02:41:17" time="0.744" tests="1">
    <testcase classname="HelloWorld.vue renders props.msg when passed" name="HelloWorld.vue renders props.msg when passed" time="0.02">
      <failure>Error: expect(received).toMatch(expected)

Expected substring: &quot;zzz&quot;
Received string:    &quot;X :  Y : 더하기&quot;
    at Object.&lt;anonymous&gt; (C:\frontend\vue\day05\tests\unit\example.spec.js:11:28)
    at Promise.then.completed (C:\frontend\vue\day05\node_modules\jest-circus\build\utils.js:391:28)
    at new Promise (&lt;anonymous&gt;)
    at callAsyncCircusFn (C:\frontend\vue\day05\node_modules\jest-circus\build\utils.js:316:10)
    at _callCircusTest (C:\frontend\vue\day05\node_modules\jest-circus\build\run.js:218:40)
    at processTicksAndRejections (node:internal/process/task_queues:95:5)
    at _runTest (C:\frontend\vue\day05\node_modules\jest-circus\build\run.js:155:3)
    at _runTestsForDescribeBlock (C:\frontend\vue\day05\node_modules\jest-circus\build\run.js:66:9)
    at _runTestsForDescribeBlock (C:\frontend\vue\day05\node_modules\jest-circus\build\run.js:60:9)
    at run (C:\frontend\vue\day05\node_modules\jest-circus\build\run.js:25:3)
    at runAndTransformResultsToJestFormat (C:\frontend\vue\day05\node_modules\jest-circus\build\legacy-code-todo-rewrite\jestAdapterInit.js:170:21)
    at jestAdapter (C:\frontend\vue\day05\node_modules\jest-circus\build\legacy-code-todo-rewrite\jestAdapter.js:82:19)
    at runTestInternal (C:\frontend\vue\day05\node_modules\jest-runner\build\runTest.js:389:16)
    at runTest (C:\frontend\vue\day05\node_modules\jest-runner\build\runTest.js:475:34)
    at TestRunner.runTests (C:\frontend\vue\day05\node_modules\jest-runner\build\index.js:101:12)
    at TestScheduler.scheduleTests (C:\frontend\vue\day05\node_modules\@jest\core\build\TestScheduler.js:333:13)
    at runJest (C:\frontend\vue\day05\node_modules\@jest\core\build\runJest.js:404:19)
    at _run10000 (C:\frontend\vue\day05\node_modules\@jest\core\build\cli\index.js:320:7)
    at runCLI (C:\frontend\vue\day05\node_modules\@jest\core\build\cli\index.js:173:3)
    at Object.run (C:\frontend\vue\day05\node_modules\jest-cli\build\cli\index.js:155:37)</failure>
    </testcase>
  </testsuite>
</testsuites>